<?xml version="1.0" encoding="UTF-8"?>
<coverage generated="1691537949549" clover="3.2.0">
  <project timestamp="1691537949550" name="All files">
    <metrics statements="19" coveredstatements="8" conditionals="6" coveredconditionals="0" methods="5" coveredmethods="2" elements="30" coveredelements="10" complexity="0" loc="19" ncloc="19" packages="1" files="1" classes="1"/>
    <file name="User.js" path="/Users/kriston.burnstein/Library/CloudStorage/OneDrive-Personal/documents-onedrive/100devs-projects/parkside-paradise-virtual-walks-app/models/User.js">
      <metrics statements="19" coveredstatements="8" conditionals="6" coveredconditionals="0" methods="5" coveredmethods="2"/>
      <line num="1" count="1" type="stmt"/>
      <line num="2" count="1" type="stmt"/>
      <line num="4" count="1" type="stmt"/>
      <line num="12" count="1" type="stmt"/>
      <line num="13" count="0" type="stmt"/>
      <line num="14" count="0" type="cond" truecount="0" falsecount="2"/>
      <line num="15" count="0" type="stmt"/>
      <line num="17" count="0" type="stmt"/>
      <line num="18" count="0" type="cond" truecount="0" falsecount="2"/>
      <line num="19" count="0" type="stmt"/>
      <line num="21" count="0" type="stmt"/>
      <line num="22" count="0" type="cond" truecount="0" falsecount="2"/>
      <line num="23" count="0" type="stmt"/>
      <line num="25" count="0" type="stmt"/>
      <line num="26" count="0" type="stmt"/>
      <line num="33" count="1" type="stmt"/>
      <line num="37" count="2" type="stmt"/>
      <line num="38" count="2" type="stmt"/>
      <line num="42" count="1" type="stmt"/>
    </file>
  </project>
</coverage>
